<?xml version="1.0" encoding="UTF-8"?>
<!-- Generated by org.testng.reporters.JUnitXMLReporter -->
<testsuite ignored="0" hostname="Darling" failures="1" tests="1" name="Test2" time="7.897" errors="0" timestamp="2023-09-01T12:50:12 IST">
  <testcase classname="CrossExecutioninTestng.TestNGCrossParallel" name="crossBroswer" time="7.787">
    <failure type="org.openqa.selenium.SessionNotCreatedException" message="session not created: This version of ChromeDriver only supports Chrome version 114
Current browser version is 116.0.5845.112 with binary path C:\Program Files\Google\Chrome\Application\chrome.exe
Build info: version: &amp;apos;3.141.59&amp;apos;, revision: &amp;apos;e82be7d358&amp;apos;, time: &amp;apos;2018-11-14T08:25:48&amp;apos;
System info: host: &amp;apos;DARLING&amp;apos;, ip: &amp;apos;192.168.100.5&amp;apos;, os.name: &amp;apos;Windows 10&amp;apos;, os.arch: &amp;apos;amd64&amp;apos;, os.version: &amp;apos;10.0&amp;apos;, java.version: &amp;apos;19.0.2&amp;apos;
Driver info: driver.version: ChromeDriver
remote stacktrace: Backtrace:
	GetHandleVerifier [0x010BA813+48355]
	(No symbol) [0x0104C4B1]
	(No symbol) [0x00F55358]
	(No symbol) [0x00F761AC]
	(No symbol) [0x00F71EF3]
	(No symbol) [0x00F70579]
	(No symbol) [0x00FA0C55]
	(No symbol) [0x00FA093C]
	(No symbol) [0x00F9A536]
	(No symbol) [0x00F782DC]
	(No symbol) [0x00F793DD]
	GetHandleVerifier [0x0131AABD+2539405]
	GetHandleVerifier [0x0135A78F+2800735]
	GetHandleVerifier [0x0135456C+2775612]
	GetHandleVerifier [0x011451E0+616112]
	(No symbol) [0x01055F8C]
	(No symbol) [0x01052328]
	(No symbol) [0x0105240B]
	(No symbol) [0x01044FF7]
	BaseThreadInitThunk [0x775F00C9+25]
	RtlGetAppContainerNamedObjectPath [0x77757B1E+286]
	RtlGetAppContainerNamedObjectPath [0x77757AEE+238]
">
      <![CDATA[org.openqa.selenium.SessionNotCreatedException: session not created: This version of ChromeDriver only supports Chrome version 114
Current browser version is 116.0.5845.112 with binary path C:\Program Files\Google\Chrome\Application\chrome.exe
Build info: version: '3.141.59', revision: 'e82be7d358', time: '2018-11-14T08:25:48'
System info: host: 'DARLING', ip: '192.168.100.5', os.name: 'Windows 10', os.arch: 'amd64', os.version: '10.0', java.version: '19.0.2'
Driver info: driver.version: ChromeDriver
remote stacktrace: Backtrace:
GetHandleVerifier [0x010BA813+48355]
(No symbol) [0x0104C4B1]
(No symbol) [0x00F55358]
(No symbol) [0x00F761AC]
(No symbol) [0x00F71EF3]
(No symbol) [0x00F70579]
(No symbol) [0x00FA0C55]
(No symbol) [0x00FA093C]
(No symbol) [0x00F9A536]
(No symbol) [0x00F782DC]
(No symbol) [0x00F793DD]
GetHandleVerifier [0x0131AABD+2539405]
GetHandleVerifier [0x0135A78F+2800735]
GetHandleVerifier [0x0135456C+2775612]
GetHandleVerifier [0x011451E0+616112]
(No symbol) [0x01055F8C]
(No symbol) [0x01052328]
(No symbol) [0x0105240B]
(No symbol) [0x01044FF7]
BaseThreadInitThunk [0x775F00C9+25]
RtlGetAppContainerNamedObjectPath [0x77757B1E+286]
RtlGetAppContainerNamedObjectPath [0x77757AEE+238]

at org.openqa.selenium.remote.W3CHandshakeResponse.lambda$errorHandler$0(W3CHandshakeResponse.java:62)
at org.openqa.selenium.remote.HandshakeResponse.lambda$getResponseFunction$0(HandshakeResponse.java:30)
at org.openqa.selenium.remote.ProtocolHandshake.lambda$createSession$0(ProtocolHandshake.java:126)
at java.base/java.util.stream.ReferencePipeline$3$1.accept(ReferencePipeline.java:197)
at java.base/java.util.Spliterators$ArraySpliterator.tryAdvance(Spliterators.java:1016)
at java.base/java.util.stream.ReferencePipeline.forEachWithCancel(ReferencePipeline.java:129)
at java.base/java.util.stream.AbstractPipeline.copyIntoWithCancel(AbstractPipeline.java:527)
at java.base/java.util.stream.AbstractPipeline.copyInto(AbstractPipeline.java:513)
at java.base/java.util.stream.AbstractPipeline.wrapAndCopyInto(AbstractPipeline.java:499)
at java.base/java.util.stream.FindOps$FindOp.evaluateSequential(FindOps.java:150)
at java.base/java.util.stream.AbstractPipeline.evaluate(AbstractPipeline.java:234)
at java.base/java.util.stream.ReferencePipeline.findFirst(ReferencePipeline.java:647)
at org.openqa.selenium.remote.ProtocolHandshake.createSession(ProtocolHandshake.java:128)
at org.openqa.selenium.remote.ProtocolHandshake.createSession(ProtocolHandshake.java:74)
at org.openqa.selenium.remote.HttpCommandExecutor.execute(HttpCommandExecutor.java:136)
at org.openqa.selenium.remote.service.DriverCommandExecutor.execute(DriverCommandExecutor.java:83)
at org.openqa.selenium.remote.RemoteWebDriver.execute(RemoteWebDriver.java:552)
at org.openqa.selenium.remote.RemoteWebDriver.startSession(RemoteWebDriver.java:213)
at org.openqa.selenium.remote.RemoteWebDriver.<init>(RemoteWebDriver.java:131)
at org.openqa.selenium.chrome.ChromeDriver.<init>(ChromeDriver.java:181)
at org.openqa.selenium.chrome.ChromeDriver.<init>(ChromeDriver.java:168)
at org.openqa.selenium.chrome.ChromeDriver.<init>(ChromeDriver.java:123)
at CrossExecutioninTestng.TestNGCrossParallel.crossBroswer(TestNGCrossParallel.java:36)
at java.base/java.util.ArrayList.forEach(ArrayList.java:1511)
at java.base/java.util.concurrent.FutureTask.run(FutureTask.java:317)
at java.base/java.util.concurrent.ThreadPoolExecutor.runWorker(ThreadPoolExecutor.java:1144)
at java.base/java.util.concurrent.ThreadPoolExecutor$Worker.run(ThreadPoolExecutor.java:642)
at java.base/java.lang.Thread.run(Thread.java:1589)
... Removed 18 stack frames]]>
    </failure>
  </testcase> <!-- crossBroswer -->
</testsuite> <!-- Test2 -->
